17:10
自动提交完成：新增了：日记/2025-02-21.md , 修改了：归档/天康堡垒机.md 
17:11
没有变更需要提交。
17:12
自动提交完成：修改了：收集箱/Hyprland配置调整.md 
11:40
自动提交完成：新增了：日记/2025-02-25.md 
11:41
没有变更需要提交。
11:42
自动提交完成：修改了：收集箱/Hyprland配置调整.md 
11:40
当前目录为: /home/luoqi/git/gitea/work_log
自动提交完成：新增了：收集箱/协助永昌分公司验证材料入库问题.md 日记/2025-02-26.md , 修改了：任务/2025-02.md 归档/天康堡垒机.md 收集箱/天康新服务器配置.md 日记/2025-02-21.md 
11:41
当前目录为: /home/luoqi/git/gitea/DataGrip-HHJY
自动提交完成：修改了：20250214-养殖场利润汇总表.sql 
11:42
当前目录为: /home/luoqi/git/gitea/luoqi-ob
没有变更需要提交。
11:40
当前目录为: /home/luoqi/git/gitea/work_log
自动提交完成：新增了：收集箱/三门闸一场无菌纱布出库后材料明细账出现负数.md 收集箱/平均存栏组织类型选择生产线查不到数据.md 收集箱/指标方案样式添加组织维度.md 收集箱/汝南梁祝分场材料入库单与材料账入库不一致.md 收集箱/生产简报中未显示芳草湖核心场的转保育数据.md 日记/2025-02-27.md 附件/贴图/Pasted image 20250227100910.png , 修改了：任务/2025-02.md 收集箱/协助永昌分公司验证材料入库问题.md 收集箱/天康新服务器配置.md 日记/2025-02-21.md 
11:41
当前目录为: /home/luoqi/git/gitea/DataGrip-HHJY
自动提交完成：新增了：20250226-三门闸一场出库变成负数.sql 20250226-平均存栏报表生产线查询优化.sql 20250226-批次化管理问题处理.sql 20250226-永昌分公司物料分配调整.sql 20250227-汝南梁祝分场材料入库单与材料账入库不一致.sql 20250227-甘肃采购中心出库重复问题.sql , 修改了：.idea/dataSources.xml .idea/sqldialects.xml 问题处理/材料账期初期末验证.sql 
11:42
当前目录为: /home/luoqi/git/gitea/luoqi-ob
没有变更需要提交。
13:30
当前目录为: /home/luoqi/git/gitea/work_log
自动提交完成：修改了：任务/2025-02.md 收集箱/汝南梁祝分场材料入库单与材料账入库不一致.md 收集箱/生产简报中未显示芳草湖核心场的转保育数据.md 
13:31
当前目录为: /home/luoqi/git/gitea/DataGrip-HHJY
自动提交完成：新增了：20250227-生产简报.sql 20250227-生产简报中未显示芳草湖核心场的转保育数据.sql 20250227-长台关核价问题.sql , 修改了：.idea/sqldialects.xml 20250227-甘肃采购中心出库重复问题.sql 
13:32
当前目录为: /home/luoqi/git/gitea/luoqi-ob
没有变更需要提交。
19:00
当前目录为: /home/luoqi/git/gitea/work_log
自动提交完成：修改了：任务/2025-02.md 收集箱/生产简报中未显示芳草湖核心场的转保育数据.md 
19:01
当前目录为: /home/luoqi/git/gitea/DataGrip-HHJY
自动提交完成：新增了：20250227-亨丰猪场核价问题.sql 20250227-常兴场药品批次化问题.sql 20250227-麟游调拨问题.sql , 修改了：.idea/sqldialects.xml 20250227-汝南梁祝分场材料入库单与材料账入库不一致.sql 20250227-甘肃采购中心出库重复问题.sql 20250227-生产简报.sql 
19:02
当前目录为: /home/luoqi/git/gitea/luoqi-ob
自动提交完成：新增了：收集箱/Flutter.md 
13:30
当前目录为: /home/luoqi/git/gitea/work_log
自动提交完成：新增了：收集箱/148姜树岗商品猪登记选不到生猪入库单.md 收集箱/甘肃采购中心负库存问题.md 收集箱/甘肃采购中心重复出库问题.md 收集箱/种猪后备场材料入库单不见.md 收集箱/采精记录添加字段.md 收集箱/长台关核价问题.md 收集箱/麟游基地跨场调拨问题.md 日记/2025-02-28.md 附件/贴图/Pasted image 20250228125501.png 附件/贴图/Pasted image 20250228125518.png , 修改了：任务/2025-02.md 
13:31
当前目录为: /home/luoqi/git/gitea/DataGrip-HHJY
自动提交完成：新增了：20250228-商品猪登记选不到入库单.sql 20250228-甘肃采购中心入库与材料帐不一致.sql 20250228-种猪后备场材料入库单查不到.sql 20250228-采精记录.sql , 修改了：.idea/sqldialects.xml 20250227-亨丰猪场核价问题.sql 20250227-麟游调拨问题.sql 
13:32
当前目录为: /home/luoqi/git/gitea/luoqi-ob
没有变更需要提交。
19:28
当前目录为: /home/luoqi/git/gitea/work_log
自动提交完成：新增了：收集箱/向阳基地商品猪登记不显示入库单编码.md , 修改了：任务/2025-02.md 收集箱/采精记录添加字段.md 
19:29
当前目录为: /home/luoqi/git/gitea/DataGrip-HHJY
自动提交完成：新增了：20250228-乌苏基地入库单与汇总帐数量不一致.sql 20250228-向阳基地商品猪登记不显示入库单编码.sql 20250228-常兴场材料汇总帐期初与上月期末不一致.sql 20250228-永昌分公司运费核价问题.sql 20250228-永清一区和永清二区药品入库问题.sql 20250228-芳草湖一场材料入库单核价问题.sql 20250228-麟游基地跨场调拨问题.sql , 修改了：.idea/sqldialects.xml 20250228-采精记录.sql 
19:30
当前目录为: /home/luoqi/git/gitea/luoqi-ob
没有变更需要提交。
